<?xml version="1.0" encoding="UTF-8"?>
<!-- Generated by org.testng.reporters.JUnitReportReporter -->
<testsuite hostname="DESKTOP-DJM4LND" failures="0" tests="3" name="StepDefinition.TestRunner" time="28.643" errors="0" timestamp="2022-11-13T04:53:23 IST" skipped="0">
  <testcase classname="StepDefinition.TestRunner" name="runScenario" time="8.734"/>
  <system-out/>
  <testcase classname="StepDefinition.TestRunner" name="runScenario" time="5.759"/>
  <system-out/>
  <testcase classname="StepDefinition.TestRunner" name="runScenario" time="14.150"/>
  <system-out/>
</testsuite> <!-- StepDefinition.TestRunner -->
