<?xml version="1.0" encoding="UTF-8"?>
<!-- Generated by org.testng.reporters.JUnitReportReporter -->
<testsuite hostname="DESKTOP-DJM4LND" failures="0" tests="3" name="StepDefinition.TestRunner" time="21.999" errors="0" timestamp="2022-11-13T04:54:21 IST" skipped="0">
  <testcase classname="StepDefinition.TestRunner" name="runScenario" time="8.723"/>
  <system-out/>
  <testcase classname="StepDefinition.TestRunner" name="runScenario" time="8.622"/>
  <system-out/>
  <testcase classname="StepDefinition.TestRunner" name="runScenario" time="4.654"/>
  <system-out/>
</testsuite> <!-- StepDefinition.TestRunner -->
